Build started 10/7/2010 10:44:10 PM.
     1>Project "C:\Users\Erik\Documents\My Dropbox\Computer Science\EmailChecker2\EmailChecker2\EmailChecker2.vcxproj" on node 2 (build target(s)).
     1>InitializeBuildStatus:
         Creating "Debug\EmailChecker2.unsuccessfulbuild" because "AlwaysCreate" was specified.
       ClCompile:
         C:\Program Files (x86)\Microsoft Visual Studio 10.0\VC\bin\CL.exe /c /ZI /nologo /W3 /WX- /Od /Oy- /D WIN32 /D _DEBUG /D _CONSOLE /D _UNICODE /D UNICODE /Gm /EHsc /RTC1 /MDd /GS /fp:precise /Zc:wchar_t /Zc:forScope /Fo"Debug\\" /Fd"Debug\vc100.pdb" /Gd /TP /analyze- /errorReport:prompt EmailTld.cpp
         EmailTld.cpp
       ManifestResourceCompile:
         All outputs are up-to-date.
       Link:
         C:\Program Files (x86)\Microsoft Visual Studio 10.0\VC\bin\link.exe /ERRORREPORT:PROMPT /OUT:"C:\Users\Erik\Documents\My Dropbox\Computer Science\EmailChecker2\Debug\EmailChecker2.exe" /INCREMENTAL /NOLOGO kernel32.lib user32.lib gdi32.lib winspool.lib comdlg32.lib advapi32.lib shell32.lib ole32.lib oleaut32.lib uuid.lib odbc32.lib odbccp32.lib /MANIFEST /ManifestFile:"Debug\EmailChecker2.exe.intermediate.manifest" /MANIFESTUAC:"level='asInvoker' uiAccess='false'" /DEBUG /PDB:"C:\Users\Erik\Documents\My Dropbox\Computer Science\EmailChecker2\Debug\EmailChecker2.pdb" /SUBSYSTEM:CONSOLE /TLBID:1 /DYNAMICBASE /NXCOMPAT /IMPLIB:"C:\Users\Erik\Documents\My Dropbox\Computer Science\EmailChecker2\Debug\EmailChecker2.lib" /MACHINE:X86 Debug\EmailChecker2.exe.embed.manifest.res
         Debug\EmailAddress.obj
         Debug\EmailDomain.obj
         Debug\EmailLocal.obj
         Debug\EmailSubDomain.obj
         Debug\EmailTld.obj
         Debug\main.obj
         Debug\String.obj
       Manifest:
         C:\Program Files (x86)\Microsoft SDKs\Windows\v7.0A\bin\mt.exe /nologo /verbose /out:"Debug\EmailChecker2.exe.embed.manifest" /manifest Debug\EmailChecker2.exe.intermediate.manifest
         All outputs are up-to-date.
       LinkEmbedManifest:
         All outputs are up-to-date.
         EmailChecker2.vcxproj -> C:\Users\Erik\Documents\My Dropbox\Computer Science\EmailChecker2\Debug\EmailChecker2.exe
       FinalizeBuildStatus:
         Deleting file "Debug\EmailChecker2.unsuccessfulbuild".
         Touching "Debug\EmailChecker2.lastbuildstate".
     1>Done Building Project "C:\Users\Erik\Documents\My Dropbox\Computer Science\EmailChecker2\EmailChecker2\EmailChecker2.vcxproj" (build target(s)).

Build succeeded.

Time Elapsed 00:00:00.75
