Build started 11/30/2010 11:56:56 PM.
     1>Project "C:\Users\Erik\Documents\My Dropbox\Computer Science\Sets\Sets\Sets.vcxproj" on node 2 (build target(s)).
     1>InitializeBuildStatus:
         Creating "Debug\Sets.unsuccessfulbuild" because "AlwaysCreate" was specified.
       ClCompile:
         C:\Program Files (x86)\Microsoft Visual Studio 10.0\VC\bin\CL.exe /c /ZI /nologo /W3 /WX- /Od /Oy- /D WIN32 /D _DEBUG /D _CONSOLE /D _UNICODE /D UNICODE /Gm /EHsc /RTC1 /MDd /GS /fp:precise /Zc:wchar_t /Zc:forScope /Fo"Debug\\" /Fd"Debug\vc100.pdb" /Gd /TP /analyze- /errorReport:prompt main.cpp
         main.cpp
       ManifestResourceCompile:
         All outputs are up-to-date.
       Link:
         C:\Program Files (x86)\Microsoft Visual Studio 10.0\VC\bin\link.exe /ERRORREPORT:PROMPT /OUT:"C:\Users\Erik\Documents\My Dropbox\Computer Science\Sets\Debug\Sets.exe" /INCREMENTAL /NOLOGO kernel32.lib user32.lib gdi32.lib winspool.lib comdlg32.lib advapi32.lib shell32.lib ole32.lib oleaut32.lib uuid.lib odbc32.lib odbccp32.lib /MANIFEST /ManifestFile:"Debug\Sets.exe.intermediate.manifest" /MANIFESTUAC:"level='asInvoker' uiAccess='false'" /DEBUG /PDB:"C:\Users\Erik\Documents\My Dropbox\Computer Science\Sets\Debug\Sets.pdb" /SUBSYSTEM:CONSOLE /TLBID:1 /DYNAMICBASE /NXCOMPAT /IMPLIB:"C:\Users\Erik\Documents\My Dropbox\Computer Science\Sets\Debug\Sets.lib" /MACHINE:X86 Debug\Sets.exe.embed.manifest.res
         Debug\main.obj
       Manifest:
         C:\Program Files (x86)\Microsoft SDKs\Windows\v7.0A\bin\mt.exe /nologo /verbose /out:"Debug\Sets.exe.embed.manifest" /manifest Debug\Sets.exe.intermediate.manifest
         All outputs are up-to-date.
       LinkEmbedManifest:
         All outputs are up-to-date.
         Sets.vcxproj -> C:\Users\Erik\Documents\My Dropbox\Computer Science\Sets\Debug\Sets.exe
       FinalizeBuildStatus:
         Deleting file "Debug\Sets.unsuccessfulbuild".
         Touching "Debug\Sets.lastbuildstate".
     1>Done Building Project "C:\Users\Erik\Documents\My Dropbox\Computer Science\Sets\Sets\Sets.vcxproj" (build target(s)).

Build succeeded.

Time Elapsed 00:00:01.91
