Build started 11/11/2010 9:26:49 PM.
     1>Project "C:\Users\Erik\Documents\My Dropbox\Computer Science\Homework3\Homework3\Homework3.vcxproj" on node 2 (build target(s)).
     1>InitializeBuildStatus:
         Creating "Debug\Homework3.unsuccessfulbuild" because "AlwaysCreate" was specified.
       ClCompile:
         C:\Program Files (x86)\Microsoft Visual Studio 10.0\VC\bin\CL.exe /c /ZI /nologo /W3 /WX- /Od /Oy- /D WIN32 /D _DEBUG /D _CONSOLE /D _UNICODE /D UNICODE /Gm /EHsc /RTC1 /MDd /GS /fp:precise /Zc:wchar_t /Zc:forScope /Fo"Debug\\" /Fd"Debug\vc100.pdb" /Gd /TP /analyze- /errorReport:prompt EmailAddress.cpp EmailDomain.cpp EmailTld.cpp main.cpp
         EmailAddress.cpp
         Generating Code...
         Compiling...
         main.cpp
         EmailTld.cpp
         EmailDomain.cpp
         Generating Code...
       ManifestResourceCompile:
         All outputs are up-to-date.
       Link:
         C:\Program Files (x86)\Microsoft Visual Studio 10.0\VC\bin\link.exe /ERRORREPORT:PROMPT /OUT:"C:\Users\Erik\Documents\My Dropbox\Computer Science\Homework3\Debug\Homework3.exe" /INCREMENTAL /NOLOGO kernel32.lib user32.lib gdi32.lib winspool.lib comdlg32.lib advapi32.lib shell32.lib ole32.lib oleaut32.lib uuid.lib odbc32.lib odbccp32.lib /MANIFEST /ManifestFile:"Debug\Homework3.exe.intermediate.manifest" /MANIFESTUAC:"level='asInvoker' uiAccess='false'" /DEBUG /PDB:"C:\Users\Erik\Documents\My Dropbox\Computer Science\Homework3\Debug\Homework3.pdb" /SUBSYSTEM:CONSOLE /TLBID:1 /DYNAMICBASE /NXCOMPAT /IMPLIB:"C:\Users\Erik\Documents\My Dropbox\Computer Science\Homework3\Debug\Homework3.lib" /MACHINE:X86 Debug\Homework3.exe.embed.manifest.res
         Debug\EmailAddress.obj
         Debug\EmailDomain.obj
         Debug\EmailLocal.obj
         Debug\EmailSubDomain.obj
         Debug\EmailTld.obj
         Debug\main.obj
         Debug\String.obj
       Manifest:
         C:\Program Files (x86)\Microsoft SDKs\Windows\v7.0A\bin\mt.exe /nologo /verbose /out:"Debug\Homework3.exe.embed.manifest" /manifest Debug\Homework3.exe.intermediate.manifest
         All outputs are up-to-date.
       LinkEmbedManifest:
         All outputs are up-to-date.
         Homework3.vcxproj -> C:\Users\Erik\Documents\My Dropbox\Computer Science\Homework3\Debug\Homework3.exe
       FinalizeBuildStatus:
         Deleting file "Debug\Homework3.unsuccessfulbuild".
         Touching "Debug\Homework3.lastbuildstate".
     1>Done Building Project "C:\Users\Erik\Documents\My Dropbox\Computer Science\Homework3\Homework3\Homework3.vcxproj" (build target(s)).

Build succeeded.

Time Elapsed 00:00:02.08
