Build started 11/2/2010 11:57:33 PM.
     1>Project "C:\Users\Erik\Documents\My Dropbox\Computer Science\Shape\Shape\Shape.vcxproj" on node 2 (build target(s)).
     1>PrepareForBuild:
         Creating directory "C:\Users\Erik\Documents\My Dropbox\Computer Science\Shape\Debug\".
       InitializeBuildStatus:
         Creating "Debug\Shape.unsuccessfulbuild" because "AlwaysCreate" was specified.
       ClCompile:
         C:\Program Files (x86)\Microsoft Visual Studio 10.0\VC\bin\CL.exe /c /ZI /nologo /W3 /WX- /Od /Oy- /D WIN32 /D _DEBUG /D _CONSOLE /D _UNICODE /D UNICODE /Gm /EHsc /RTC1 /MDd /GS /fp:precise /Zc:wchar_t /Zc:forScope /Fo"Debug\\" /Fd"Debug\vc100.pdb" /Gd /TP /analyze- /errorReport:prompt Shapes.cpp
         Shapes.cpp
       ManifestResourceCompile:
         C:\Program Files (x86)\Microsoft SDKs\Windows\v7.0A\bin\rc.exe /nologo /fo"Debug\Shape.exe.embed.manifest.res" Debug\Shape_manifest.rc 
       Link:
         C:\Program Files (x86)\Microsoft Visual Studio 10.0\VC\bin\link.exe /ERRORREPORT:PROMPT /OUT:"C:\Users\Erik\Documents\My Dropbox\Computer Science\Shape\Debug\Shape.exe" /INCREMENTAL /NOLOGO kernel32.lib user32.lib gdi32.lib winspool.lib comdlg32.lib advapi32.lib shell32.lib ole32.lib oleaut32.lib uuid.lib odbc32.lib odbccp32.lib /MANIFEST /ManifestFile:"Debug\Shape.exe.intermediate.manifest" /MANIFESTUAC:"level='asInvoker' uiAccess='false'" /DEBUG /PDB:"C:\Users\Erik\Documents\My Dropbox\Computer Science\Shape\Debug\Shape.pdb" /SUBSYSTEM:CONSOLE /TLBID:1 /DYNAMICBASE /NXCOMPAT /IMPLIB:"C:\Users\Erik\Documents\My Dropbox\Computer Science\Shape\Debug\Shape.lib" /MACHINE:X86 Debug\Shape.exe.embed.manifest.res
         Debug\Shapes.obj
       Manifest:
         C:\Program Files (x86)\Microsoft SDKs\Windows\v7.0A\bin\mt.exe /nologo /verbose /out:"Debug\Shape.exe.embed.manifest" /manifest Debug\Shape.exe.intermediate.manifest
         C:\Program Files (x86)\Microsoft SDKs\Windows\v7.0A\bin\rc.exe /nologo /fo"Debug\Shape.exe.embed.manifest.res" Debug\Shape_manifest.rc 
       LinkEmbedManifest:
         C:\Program Files (x86)\Microsoft Visual Studio 10.0\VC\bin\link.exe /ERRORREPORT:PROMPT /OUT:"C:\Users\Erik\Documents\My Dropbox\Computer Science\Shape\Debug\Shape.exe" /INCREMENTAL /NOLOGO kernel32.lib user32.lib gdi32.lib winspool.lib comdlg32.lib advapi32.lib shell32.lib ole32.lib oleaut32.lib uuid.lib odbc32.lib odbccp32.lib /MANIFEST /ManifestFile:"Debug\Shape.exe.intermediate.manifest" /MANIFESTUAC:"level='asInvoker' uiAccess='false'" /DEBUG /PDB:"C:\Users\Erik\Documents\My Dropbox\Computer Science\Shape\Debug\Shape.pdb" /SUBSYSTEM:CONSOLE /TLBID:1 /DYNAMICBASE /NXCOMPAT /IMPLIB:"C:\Users\Erik\Documents\My Dropbox\Computer Science\Shape\Debug\Shape.lib" /MACHINE:X86 Debug\Shape.exe.embed.manifest.res
         Debug\Shapes.obj
         Shape.vcxproj -> C:\Users\Erik\Documents\My Dropbox\Computer Science\Shape\Debug\Shape.exe
       FinalizeBuildStatus:
         Deleting file "Debug\Shape.unsuccessfulbuild".
         Touching "Debug\Shape.lastbuildstate".
     1>Done Building Project "C:\Users\Erik\Documents\My Dropbox\Computer Science\Shape\Shape\Shape.vcxproj" (build target(s)).

Build succeeded.

Time Elapsed 00:00:02.79
