Build started 10/6/2010 12:36:50 AM.
     1>Project "C:\Users\Erik\Documents\My Dropbox\Computer Science\EmailChecker2\EmailChecker2\EmailChecker2.vcxproj" on node 2 (build target(s)).
     1>PrepareForBuild:
         Creating directory "C:\Users\Erik\Documents\My Dropbox\Computer Science\EmailChecker2\Release\".
       InitializeBuildStatus:
         Creating "Release\EmailChecker2.unsuccessfulbuild" because "AlwaysCreate" was specified.
       ClCompile:
         C:\Program Files (x86)\Microsoft Visual Studio 10.0\VC\bin\CL.exe /c /Zi /nologo /W3 /WX- /O2 /Oi /Oy- /GL /D WIN32 /D NDEBUG /D _CONSOLE /D _UNICODE /D UNICODE /Gm- /EHsc /MD /GS /Gy /fp:precise /Zc:wchar_t /Zc:forScope /Fo"Release\\" /Fd"Release\vc100.pdb" /Gd /TP /analyze- /errorReport:prompt EmailAddress.cpp EmailDomain.cpp EmailLocal.cpp EmailSubDomain.cpp EmailTld.cpp main.cpp String.cpp
         EmailAddress.cpp
         EmailDomain.cpp
         EmailLocal.cpp
         EmailSubDomain.cpp
         EmailTld.cpp
         main.cpp
         String.cpp
     1>String.cpp(187): warning C4172: returning address of local variable or temporary
       Link:
         C:\Program Files (x86)\Microsoft Visual Studio 10.0\VC\bin\link.exe /ERRORREPORT:PROMPT /OUT:"C:\Users\Erik\Documents\My Dropbox\Computer Science\EmailChecker2\Release\EmailChecker2.exe" /INCREMENTAL:NO /NOLOGO kernel32.lib user32.lib gdi32.lib winspool.lib comdlg32.lib advapi32.lib shell32.lib ole32.lib oleaut32.lib uuid.lib odbc32.lib odbccp32.lib /MANIFEST /ManifestFile:"Release\EmailChecker2.exe.intermediate.manifest" /MANIFESTUAC:"level='asInvoker' uiAccess='false'" /DEBUG /PDB:"C:\Users\Erik\Documents\My Dropbox\Computer Science\EmailChecker2\Release\EmailChecker2.pdb" /SUBSYSTEM:CONSOLE /OPT:REF /OPT:ICF /LTCG /TLBID:1 /DYNAMICBASE /NXCOMPAT /IMPLIB:"C:\Users\Erik\Documents\My Dropbox\Computer Science\EmailChecker2\Release\EmailChecker2.lib" /MACHINE:X86 Release\EmailAddress.obj
         Release\EmailDomain.obj
         Release\EmailLocal.obj
         Release\EmailSubDomain.obj
         Release\EmailTld.obj
         Release\main.obj
         Release\String.obj
         Generating code
         Finished generating code
         EmailChecker2.vcxproj -> C:\Users\Erik\Documents\My Dropbox\Computer Science\EmailChecker2\Release\EmailChecker2.exe
       Manifest:
         C:\Program Files (x86)\Microsoft SDKs\Windows\v7.0A\bin\mt.exe /nologo /verbose /outputresource:"C:\Users\Erik\Documents\My Dropbox\Computer Science\EmailChecker2\Release\EmailChecker2.exe;#1" /manifest Release\EmailChecker2.exe.intermediate.manifest
       FinalizeBuildStatus:
         Deleting file "Release\EmailChecker2.unsuccessfulbuild".
         Touching "Release\EmailChecker2.lastbuildstate".
     1>Done Building Project "C:\Users\Erik\Documents\My Dropbox\Computer Science\EmailChecker2\EmailChecker2\EmailChecker2.vcxproj" (build target(s)).

Build succeeded.

Time Elapsed 00:00:02.36
