Build started 10/19/2010 11:32:20 PM.
     1>Project "C:\Users\Erik\Documents\My Dropbox\Computer Science\qyueue\qyueue\qyueue.vcxproj" on node 2 (build target(s)).
     1>InitializeBuildStatus:
         Creating "Debug\qyueue.unsuccessfulbuild" because "AlwaysCreate" was specified.
       ClCompile:
         C:\Program Files (x86)\Microsoft Visual Studio 10.0\VC\bin\CL.exe /c /ZI /nologo /W3 /WX- /Od /Oy- /D WIN32 /D _DEBUG /D _CONSOLE /D _UNICODE /D UNICODE /Gm /EHsc /RTC1 /MDd /GS /fp:precise /Zc:wchar_t /Zc:forScope /Fo"Debug\\" /Fd"Debug\vc100.pdb" /Gd /TP /analyze- /errorReport:prompt main.cpp
         main.cpp
       ManifestResourceCompile:
         All outputs are up-to-date.
       Link:
         C:\Program Files (x86)\Microsoft Visual Studio 10.0\VC\bin\link.exe /ERRORREPORT:PROMPT /OUT:"C:\Users\Erik\Documents\My Dropbox\Computer Science\qyueue\Debug\qyueue.exe" /INCREMENTAL /NOLOGO kernel32.lib user32.lib gdi32.lib winspool.lib comdlg32.lib advapi32.lib shell32.lib ole32.lib oleaut32.lib uuid.lib odbc32.lib odbccp32.lib /MANIFEST /ManifestFile:"Debug\qyueue.exe.intermediate.manifest" /MANIFESTUAC:"level='asInvoker' uiAccess='false'" /DEBUG /PDB:"C:\Users\Erik\Documents\My Dropbox\Computer Science\qyueue\Debug\qyueue.pdb" /SUBSYSTEM:CONSOLE /TLBID:1 /DYNAMICBASE /NXCOMPAT /IMPLIB:"C:\Users\Erik\Documents\My Dropbox\Computer Science\qyueue\Debug\qyueue.lib" /MACHINE:X86 Debug\qyueue.exe.embed.manifest.res
         Debug\main.obj
         LINK : C:\Users\Erik\Documents\My Dropbox\Computer Science\qyueue\Debug\qyueue.exe not found or not built by the last incremental link; performing full link
       Manifest:
         C:\Program Files (x86)\Microsoft SDKs\Windows\v7.0A\bin\mt.exe /nologo /verbose /out:"Debug\qyueue.exe.embed.manifest" /manifest Debug\qyueue.exe.intermediate.manifest
         All outputs are up-to-date.
       LinkEmbedManifest:
         All outputs are up-to-date.
         qyueue.vcxproj -> C:\Users\Erik\Documents\My Dropbox\Computer Science\qyueue\Debug\qyueue.exe
       FinalizeBuildStatus:
         Deleting file "Debug\qyueue.unsuccessfulbuild".
         Touching "Debug\qyueue.lastbuildstate".
     1>Done Building Project "C:\Users\Erik\Documents\My Dropbox\Computer Science\qyueue\qyueue\qyueue.vcxproj" (build target(s)).

Build succeeded.

Time Elapsed 00:00:00.87
